<?xml version="1.0" encoding="UTF-8"?>
<!-- Generated by org.testng.reporters.JUnitXMLReporter -->
<testsuite ignored="0" hostname="DESKTOP-B94R4DD" failures="0" tests="3" name="regression" time="49.769" errors="0" timestamp="2026-03-31T02:10:24 IST">
  <testcase classname="testScript.Tc004_MouseHoverAction" name="mouseHoverRightClickActionOnInstagram" time="7.033"/>
  <testcase classname="testScript.Tc002_StaticDropdownAmazon" name="verifyAmazonStaticDropdown" time="9.481"/>
  <testcase classname="testScript.Tc003_DynamicSearchAndListDropdown" name="dynamicSearchAndListDropdown_ClickSelect" time="16.771"/>
</testsuite> <!-- regression -->
