<?xml version="1.0" encoding="UTF-8"?>
<!-- Generated by org.testng.reporters.JUnitXMLReporter -->
<testsuite ignored="0" hostname="DESKTOP-B94R4DD" failures="0" tests="5" name="smoke" time="94.916" errors="0" timestamp="2026-03-31T02:11:59 IST">
  <testcase classname="testScript.Tc004_Iframe" name="handleIframe" time="18.358"/>
  <testcase classname="testScript.Tc001_LoginHRMS" name="varifyHRMSLoginFunctionality" time="14.625"/>
  <testcase classname="testScript.Tc001_LoginHRMS" name="varifyHRMSLoginFunctionality" time="10.287"/>
  <testcase classname="testScript.Tc001_LoginHRMS" name="varifyHRMSLoginFunctionality" time="10.716"/>
  <testcase classname="testScript.Tc001_LoginHRMS" name="varifyHRMSLoginFunctionality" time="14.227"/>
</testsuite> <!-- smoke -->
