<?xml version="1.0" encoding="UTF-8"?>
<!-- Generated by org.testng.reporters.JUnitXMLReporter -->
<testsuite ignored="0" hostname="DESKTOP-B94R4DD" failures="0" tests="8" name="Test" time="140.376" errors="0" timestamp="2026-04-03T17:49:56 IST">
  <testcase classname="testScript.Tc004_MouseHoverAction" name="mouseHoverRightClickActionOnInstagram" time="4.621"/>
  <testcase classname="testScript.Tc002_StaticDropdownAmazon" name="verifyAmazonStaticDropdown" time="9.849"/>
  <testcase classname="testScript.Tc003_DynamicSearchAndListDropdown" name="dynamicSearchAndListDropdown_ClickSelect" time="14.527"/>
  <testcase classname="testScript.Tc004_Iframe" name="handleIframe" time="18.287"/>
  <testcase classname="testScript.Tc001_LoginHRMS" name="varifyHRMSLoginFunctionality" time="11.941"/>
  <testcase classname="testScript.Tc001_LoginHRMS" name="varifyHRMSLoginFunctionality" time="11.234"/>
  <testcase classname="testScript.Tc001_LoginHRMS" name="varifyHRMSLoginFunctionality" time="13.076"/>
  <testcase classname="testScript.Tc001_LoginHRMS" name="varifyHRMSLoginFunctionality" time="11.772"/>
</testsuite> <!-- Test -->
