<?xml version="1.0" encoding="UTF-8"?>
<!-- Generated by org.testng.reporters.JUnitXMLReporter -->
<testsuite ignored="0" hostname="DESKTOP-B94R4DD" failures="0" tests="8" name="Test" time="148.13" errors="0" timestamp="2026-04-01T00:06:39 IST">
  <testcase classname="testScript.Tc004_MouseHoverAction" name="mouseHoverRightClickActionOnInstagram" time="5.25"/>
  <testcase classname="testScript.Tc002_StaticDropdownAmazon" name="verifyAmazonStaticDropdown" time="9.616"/>
  <testcase classname="testScript.Tc003_DynamicSearchAndListDropdown" name="dynamicSearchAndListDropdown_ClickSelect" time="17.133"/>
  <testcase classname="testScript.Tc004_Iframe" name="handleIframe" time="18.948"/>
  <testcase classname="testScript.Tc001_LoginHRMS" name="varifyHRMSLoginFunctionality" time="13.309"/>
  <testcase classname="testScript.Tc001_LoginHRMS" name="varifyHRMSLoginFunctionality" time="14.83"/>
  <testcase classname="testScript.Tc001_LoginHRMS" name="varifyHRMSLoginFunctionality" time="14.628"/>
  <testcase classname="testScript.Tc001_LoginHRMS" name="varifyHRMSLoginFunctionality" time="9.891"/>
</testsuite> <!-- Test -->
