<?xml version="1.0" encoding="UTF-8"?>
<!-- Generated by org.testng.reporters.JUnitXMLReporter -->
<testsuite ignored="0" hostname="DESKTOP-B94R4DD" failures="0" tests="8" name="Test" time="151.074" errors="0" timestamp="2026-04-03T18:27:22 IST">
  <testcase classname="testScript.Tc004_MouseHoverAction" name="mouseHoverRightClickActionOnInstagram" time="8.477"/>
  <testcase classname="testScript.Tc002_StaticDropdownAmazon" name="verifyAmazonStaticDropdown" time="7.898"/>
  <testcase classname="testScript.Tc003_DynamicSearchAndListDropdown" name="dynamicSearchAndListDropdown_ClickSelect" time="18.052"/>
  <testcase classname="testScript.Tc004_Iframe" name="handleIframe" time="19.482"/>
  <testcase classname="testScript.Tc001_LoginHRMS" name="varifyHRMSLoginFunctionality" time="27.689"/>
  <testcase classname="testScript.Tc001_LoginHRMS" name="varifyHRMSLoginFunctionality" time="6.58"/>
  <testcase classname="testScript.Tc001_LoginHRMS" name="varifyHRMSLoginFunctionality" time="6.566"/>
  <testcase classname="testScript.Tc001_LoginHRMS" name="varifyHRMSLoginFunctionality" time="6.083"/>
</testsuite> <!-- Test -->
