<?xml version="1.0" encoding="UTF-8"?>
<testng-results ignored="0" total="8" passed="8" failed="0" skipped="0">
  <reporter-output>
  </reporter-output>
  <suite started-at="2026-04-03T18:24:51 IST" name="Suite" finished-at="2026-04-03T18:27:22 IST" duration-ms="151074">
    <groups>
    </groups>
    <test started-at="2026-04-03T18:24:51 IST" name="Test" finished-at="2026-04-03T18:27:22 IST" duration-ms="151074">
      <class name="testScript.Tc003_DynamicSearchAndListDropdown">
        <test-method is-config="true" signature="setup()[pri:0, instance:testScript.Tc003_DynamicSearchAndListDropdown@27ce24aa]" started-at="2026-04-03T18:25:24 IST" name="setup" finished-at="2026-04-03T18:25:26 IST" duration-ms="1458" status="PASS">
          <reporter-output>
          </reporter-output>
        </test-method> <!-- setup -->
        <test-method signature="dynamicSearchAndListDropdown_ClickSelect()[pri:0, instance:testScript.Tc003_DynamicSearchAndListDropdown@27ce24aa]" started-at="2026-04-03T18:25:26 IST" name="dynamicSearchAndListDropdown_ClickSelect" finished-at="2026-04-03T18:25:44 IST" duration-ms="18052" status="PASS">
          <reporter-output>
          </reporter-output>
        </test-method> <!-- dynamicSearchAndListDropdown_ClickSelect -->
        <test-method is-config="true" signature="tearDown()[pri:0, instance:testScript.Tc003_DynamicSearchAndListDropdown@27ce24aa]" started-at="2026-04-03T18:25:44 IST" name="tearDown" finished-at="2026-04-03T18:25:47 IST" duration-ms="3295" status="PASS">
          <reporter-output>
          </reporter-output>
        </test-method> <!-- tearDown -->
      </class> <!-- testScript.Tc003_DynamicSearchAndListDropdown -->
      <class name="testScript.Tc001_LoginHRMS">
        <test-method is-config="true" signature="setup()[pri:0, instance:testScript.Tc001_LoginHRMS@3d51f06e]" started-at="2026-04-03T18:26:14 IST" name="setup" finished-at="2026-04-03T18:26:16 IST" duration-ms="1874" status="PASS">
          <reporter-output>
          </reporter-output>
        </test-method> <!-- setup -->
        <test-method signature="varifyHRMSLoginFunctionality(java.lang.String,java.lang.String)[pri:0, instance:testScript.Tc001_LoginHRMS@3d51f06e]" started-at="2026-04-03T18:26:16 IST" name="varifyHRMSLoginFunctionality" data-provider="credentials" finished-at="2026-04-03T18:26:44 IST" duration-ms="27689" status="PASS">
          <params>
            <param index="0">
              <value>
                <![CDATA[admin]]>
              </value>
            </param>
            <param index="1">
              <value>
                <![CDATA[admin123]]>
              </value>
            </param>
          </params>
          <reporter-output>
          </reporter-output>
        </test-method> <!-- varifyHRMSLoginFunctionality -->
        <test-method is-config="true" signature="tearDown()[pri:0, instance:testScript.Tc001_LoginHRMS@3d51f06e]" started-at="2026-04-03T18:26:44 IST" name="tearDown" finished-at="2026-04-03T18:26:47 IST" duration-ms="3345" status="PASS">
          <reporter-output>
          </reporter-output>
        </test-method> <!-- tearDown -->
        <test-method is-config="true" signature="setup()[pri:0, instance:testScript.Tc001_LoginHRMS@3d51f06e]" started-at="2026-04-03T18:26:47 IST" name="setup" finished-at="2026-04-03T18:26:49 IST" duration-ms="1759" status="PASS">
          <reporter-output>
          </reporter-output>
        </test-method> <!-- setup -->
        <test-method signature="varifyHRMSLoginFunctionality(java.lang.String,java.lang.String)[pri:0, instance:testScript.Tc001_LoginHRMS@3d51f06e]" started-at="2026-04-03T18:26:49 IST" name="varifyHRMSLoginFunctionality" data-provider="credentials" finished-at="2026-04-03T18:26:56 IST" duration-ms="6580" status="PASS">
          <params>
            <param index="0">
              <value>
                <![CDATA[admin]]>
              </value>
            </param>
            <param index="1">
              <value>
                <![CDATA[admin123]]>
              </value>
            </param>
          </params>
          <reporter-output>
          </reporter-output>
        </test-method> <!-- varifyHRMSLoginFunctionality -->
        <test-method is-config="true" signature="tearDown()[pri:0, instance:testScript.Tc001_LoginHRMS@3d51f06e]" started-at="2026-04-03T18:26:56 IST" name="tearDown" finished-at="2026-04-03T18:26:59 IST" duration-ms="3286" status="PASS">
          <reporter-output>
          </reporter-output>
        </test-method> <!-- tearDown -->
        <test-method is-config="true" signature="setup()[pri:0, instance:testScript.Tc001_LoginHRMS@3d51f06e]" started-at="2026-04-03T18:26:59 IST" name="setup" finished-at="2026-04-03T18:27:01 IST" duration-ms="2096" status="PASS">
          <reporter-output>
          </reporter-output>
        </test-method> <!-- setup -->
        <test-method signature="varifyHRMSLoginFunctionality(java.lang.String,java.lang.String)[pri:0, instance:testScript.Tc001_LoginHRMS@3d51f06e]" started-at="2026-04-03T18:27:01 IST" name="varifyHRMSLoginFunctionality" data-provider="credentials" finished-at="2026-04-03T18:27:08 IST" duration-ms="6566" status="PASS">
          <params>
            <param index="0">
              <value>
                <![CDATA[admin1]]>
              </value>
            </param>
            <param index="1">
              <value>
                <![CDATA[admin123]]>
              </value>
            </param>
          </params>
          <reporter-output>
          </reporter-output>
        </test-method> <!-- varifyHRMSLoginFunctionality -->
        <test-method is-config="true" signature="tearDown()[pri:0, instance:testScript.Tc001_LoginHRMS@3d51f06e]" started-at="2026-04-03T18:27:08 IST" name="tearDown" finished-at="2026-04-03T18:27:11 IST" duration-ms="3270" status="PASS">
          <reporter-output>
          </reporter-output>
        </test-method> <!-- tearDown -->
        <test-method is-config="true" signature="setup()[pri:0, instance:testScript.Tc001_LoginHRMS@3d51f06e]" started-at="2026-04-03T18:27:11 IST" name="setup" finished-at="2026-04-03T18:27:13 IST" duration-ms="2081" status="PASS">
          <reporter-output>
          </reporter-output>
        </test-method> <!-- setup -->
        <test-method signature="varifyHRMSLoginFunctionality(java.lang.String,java.lang.String)[pri:0, instance:testScript.Tc001_LoginHRMS@3d51f06e]" started-at="2026-04-03T18:27:13 IST" name="varifyHRMSLoginFunctionality" data-provider="credentials" finished-at="2026-04-03T18:27:19 IST" duration-ms="6083" status="PASS">
          <params>
            <param index="0">
              <value>
                <![CDATA[admin]]>
              </value>
            </param>
            <param index="1">
              <value>
                <![CDATA[admin124]]>
              </value>
            </param>
          </params>
          <reporter-output>
          </reporter-output>
        </test-method> <!-- varifyHRMSLoginFunctionality -->
        <test-method is-config="true" signature="tearDown()[pri:0, instance:testScript.Tc001_LoginHRMS@3d51f06e]" started-at="2026-04-03T18:27:19 IST" name="tearDown" finished-at="2026-04-03T18:27:22 IST" duration-ms="3275" status="PASS">
          <reporter-output>
          </reporter-output>
        </test-method> <!-- tearDown -->
      </class> <!-- testScript.Tc001_LoginHRMS -->
      <class name="testScript.Tc004_MouseHoverAction">
        <test-method is-config="true" signature="setup()[pri:0, instance:testScript.Tc004_MouseHoverAction@31c88ec8]" started-at="2026-04-03T18:24:52 IST" name="setup" finished-at="2026-04-03T18:24:57 IST" duration-ms="5566" status="PASS">
          <reporter-output>
          </reporter-output>
        </test-method> <!-- setup -->
        <test-method signature="mouseHoverRightClickActionOnInstagram()[pri:0, instance:testScript.Tc004_MouseHoverAction@31c88ec8]" started-at="2026-04-03T18:24:57 IST" name="mouseHoverRightClickActionOnInstagram" finished-at="2026-04-03T18:25:06 IST" duration-ms="8477" status="PASS">
          <reporter-output>
          </reporter-output>
        </test-method> <!-- mouseHoverRightClickActionOnInstagram -->
        <test-method is-config="true" signature="tearDown()[pri:0, instance:testScript.Tc004_MouseHoverAction@31c88ec8]" started-at="2026-04-03T18:25:06 IST" name="tearDown" finished-at="2026-04-03T18:25:09 IST" duration-ms="3532" status="PASS">
          <reporter-output>
          </reporter-output>
        </test-method> <!-- tearDown -->
      </class> <!-- testScript.Tc004_MouseHoverAction -->
      <class name="testScript.Tc004_Iframe">
        <test-method is-config="true" signature="setup()[pri:0, instance:testScript.Tc004_Iframe@481a996b]" started-at="2026-04-03T18:25:47 IST" name="setup" finished-at="2026-04-03T18:25:50 IST" duration-ms="2646" status="PASS">
          <reporter-output>
          </reporter-output>
        </test-method> <!-- setup -->
        <test-method signature="handleIframe()[pri:0, instance:testScript.Tc004_Iframe@481a996b]" started-at="2026-04-03T18:25:50 IST" name="handleIframe" finished-at="2026-04-03T18:26:09 IST" duration-ms="19482" status="PASS">
          <reporter-output>
          </reporter-output>
        </test-method> <!-- handleIframe -->
        <test-method is-config="true" signature="tearDown()[pri:0, instance:testScript.Tc004_Iframe@481a996b]" started-at="2026-04-03T18:26:09 IST" name="tearDown" finished-at="2026-04-03T18:26:13 IST" duration-ms="3407" status="PASS">
          <reporter-output>
          </reporter-output>
        </test-method> <!-- tearDown -->
      </class> <!-- testScript.Tc004_Iframe -->
      <class name="testScript.Tc002_StaticDropdownAmazon">
        <test-method is-config="true" signature="setup()[pri:0, instance:testScript.Tc002_StaticDropdownAmazon@1cbbffcd]" started-at="2026-04-03T18:25:09 IST" name="setup" finished-at="2026-04-03T18:25:11 IST" duration-ms="2065" status="PASS">
          <reporter-output>
          </reporter-output>
        </test-method> <!-- setup -->
        <test-method signature="verifyAmazonStaticDropdown()[pri:0, instance:testScript.Tc002_StaticDropdownAmazon@1cbbffcd]" started-at="2026-04-03T18:25:11 IST" name="verifyAmazonStaticDropdown" finished-at="2026-04-03T18:25:19 IST" duration-ms="7898" status="PASS">
          <reporter-output>
          </reporter-output>
        </test-method> <!-- verifyAmazonStaticDropdown -->
        <test-method is-config="true" signature="tearDown()[pri:0, instance:testScript.Tc002_StaticDropdownAmazon@1cbbffcd]" started-at="2026-04-03T18:25:19 IST" name="tearDown" finished-at="2026-04-03T18:25:24 IST" duration-ms="4858" status="PASS">
          <reporter-output>
          </reporter-output>
        </test-method> <!-- tearDown -->
      </class> <!-- testScript.Tc002_StaticDropdownAmazon -->
    </test> <!-- Test -->
  </suite> <!-- Suite -->
</testng-results>
