<?xml version="1.0" encoding="UTF-8"?>
<testng-results ignored="0" total="1" passed="1" failed="0" skipped="0">
  <reporter-output>
  </reporter-output>
  <suite started-at="2026-04-03T18:04:28 IST" name="Default suite" finished-at="2026-04-03T18:04:53 IST" duration-ms="25556">
    <groups>
    </groups>
    <test started-at="2026-04-03T18:04:28 IST" name="Default test" finished-at="2026-04-03T18:04:53 IST" duration-ms="25556">
      <class name="testScript.Tc004_Iframe">
        <test-method is-config="true" signature="setup()[pri:0, instance:testScript.Tc004_Iframe@292b08d6]" started-at="2026-04-03T18:04:28 IST" name="setup" finished-at="2026-04-03T18:04:32 IST" duration-ms="3302" status="PASS">
          <reporter-output>
          </reporter-output>
        </test-method> <!-- setup -->
        <test-method signature="handleIframe()[pri:0, instance:testScript.Tc004_Iframe@292b08d6]" started-at="2026-04-03T18:04:32 IST" name="handleIframe" finished-at="2026-04-03T18:04:50 IST" duration-ms="18059" status="PASS">
          <reporter-output>
          </reporter-output>
        </test-method> <!-- handleIframe -->
        <test-method is-config="true" signature="tearDown()[pri:0, instance:testScript.Tc004_Iframe@292b08d6]" started-at="2026-04-03T18:04:50 IST" name="tearDown" finished-at="2026-04-03T18:04:53 IST" duration-ms="3424" status="PASS">
          <reporter-output>
          </reporter-output>
        </test-method> <!-- tearDown -->
      </class> <!-- testScript.Tc004_Iframe -->
    </test> <!-- Default test -->
  </suite> <!-- Default suite -->
</testng-results>
