<?xml version="1.0" encoding="UTF-8"?>
<!-- Generated by org.testng.reporters.JUnitReportReporter -->
<testsuite hostname="DESKTOP-B94R4DD" failures="0" tests="4" name="testScript.Tc001_LoginHRMS" time="69.848" errors="0" timestamp="2026-03-31T02:12:00 IST" skipped="0">
  <testcase classname="testScript.Tc001_LoginHRMS" name="varifyHRMSLoginFunctionality" time="19.249"/>
  <testcase classname="testScript.Tc001_LoginHRMS" name="varifyHRMSLoginFunctionality" time="19.570"/>
  <testcase classname="testScript.Tc001_LoginHRMS" name="varifyHRMSLoginFunctionality" time="15.610"/>
  <testcase classname="testScript.Tc001_LoginHRMS" name="varifyHRMSLoginFunctionality" time="15.419"/>
</testsuite> <!-- testScript.Tc001_LoginHRMS -->
