<?xml version="1.0" encoding="UTF-8"?>
<!-- Generated by org.testng.reporters.JUnitReportReporter -->
<testsuite hostname="DESKTOP-B94R4DD" failures="0" tests="4" name="testScript.Tc001_LoginHRMS" time="71.742" errors="0" timestamp="2026-04-01T00:06:39 IST" skipped="0">
  <testcase classname="testScript.Tc001_LoginHRMS" name="varifyHRMSLoginFunctionality" time="19.330"/>
  <testcase classname="testScript.Tc001_LoginHRMS" name="varifyHRMSLoginFunctionality" time="19.565"/>
  <testcase classname="testScript.Tc001_LoginHRMS" name="varifyHRMSLoginFunctionality" time="14.746"/>
  <testcase classname="testScript.Tc001_LoginHRMS" name="varifyHRMSLoginFunctionality" time="18.101"/>
</testsuite> <!-- testScript.Tc001_LoginHRMS -->
